Vivado Simulator 2013.4
Copyright 1986-1999, 2001-2013 Xilinx, Inc. All Rights Reserved.
Running: C:/Xilinx/Vivado/2013.4/bin/unwrapped/win64.o/xelab.exe --debug typical --relax -L axi_rc_servo_controller -L work -L secureip --snapshot axi_rc_servo_controller_testbench_behav --prj C:/custom_IPI_IP/MyProcessorIPLib/pcores/axi_rc_servo_controller_v2_00_a/axi_rc_servo_controller_v2_00_a.sim/sim_1/behav/axi_rc_servo_controller_testbench.prj work.axi_rc_servo_controller_testbench 
Multi-threading is on. Using 6 slave threads.
Determining compilation order of HDL files.
INFO: [VRFC 10-165] Analyzing Verilog file "C:/Xilinx/Vivado/2013.4/data/verilog/src/glbl.v" into library work
INFO: [VRFC 10-163] Analyzing VHDL file "C:/custom_IPI_IP/MyProcessorIPLib/pcores/axi_rc_servo_controller_v2_00_a/axi_rc_servo_controller_v2_00_a.srcs/sources_1/imports/vhdl/servo_controller_functions_pkg.vhd" into library axi_rc_servo_controller
INFO: [VRFC 10-163] Analyzing VHDL file "C:/custom_IPI_IP/MyProcessorIPLib/pcores/axi_rc_servo_controller_v2_00_a/axi_rc_servo_controller_v2_00_a.srcs/sources_1/imports/vhdl/servo_controller.vhd" into library work
INFO: [VRFC 10-163] Analyzing VHDL file "C:/custom_IPI_IP/MyProcessorIPLib/pcores/axi_rc_servo_controller_v2_00_a/axi_rc_servo_controller_v2_00_a.srcs/sources_1/imports/vhdl/clock_divider.vhd" into library work
INFO: [VRFC 10-163] Analyzing VHDL file "C:/custom_IPI_IP/MyProcessorIPLib/pcores/axi_rc_servo_controller_v2_00_a/axi_rc_servo_controller_v2_00_a.srcs/sim_1/imports/testbench_files/AXI_WRITE_RESPONSE_CHANNEL_model.vhd" into library work
INFO: [VRFC 10-163] Analyzing VHDL file "C:/custom_IPI_IP/MyProcessorIPLib/pcores/axi_rc_servo_controller_v2_00_a/axi_rc_servo_controller_v2_00_a.srcs/sim_1/imports/testbench_files/AXI_WRITE_DATA_CHANNEL_model.vhd" into library work
INFO: [VRFC 10-163] Analyzing VHDL file "C:/custom_IPI_IP/MyProcessorIPLib/pcores/axi_rc_servo_controller_v2_00_a/axi_rc_servo_controller_v2_00_a.srcs/sim_1/imports/testbench_files/AXI_READ_DATA_CHANNEL_model.vhd" into library work
INFO: [VRFC 10-163] Analyzing VHDL file "C:/custom_IPI_IP/MyProcessorIPLib/pcores/axi_rc_servo_controller_v2_00_a/axi_rc_servo_controller_v2_00_a.srcs/sim_1/imports/testbench_files/AXI_ADDRESS_CONTROL_CHANNEL_model.vhd" into library work
INFO: [VRFC 10-163] Analyzing VHDL file "C:/custom_IPI_IP/MyProcessorIPLib/pcores/axi_rc_servo_controller_v2_00_a/axi_rc_servo_controller_v2_00_a.srcs/sources_1/imports/vhdl/axi_rc_servo_controller.vhd" into library work
INFO: [VRFC 10-163] Analyzing VHDL file "C:/custom_IPI_IP/MyProcessorIPLib/pcores/axi_rc_servo_controller_v2_00_a/axi_rc_servo_controller_v2_00_a.srcs/sim_1/new/AXI_lite_master_transaction_model.vhd" into library work
INFO: [VRFC 10-163] Analyzing VHDL file "C:/custom_IPI_IP/MyProcessorIPLib/pcores/axi_rc_servo_controller_v2_00_a/axi_rc_servo_controller_v2_00_a.srcs/sim_1/imports/new/axi_rc_servo_controller_tb.vhd" into library work
Starting static elaboration
Completed static elaboration
Starting simulation data flow analysis
Completed simulation data flow analysis
Time Resolution for simulation is 1ps
Compiling package std.standard
Compiling package ieee.std_logic_1164
Compiling package ieee.std_logic_arith
Compiling package ieee.std_logic_unsigned
Compiling package ieee.numeric_std
Compiling package axi_rc_servo_controller.servo_controller_functions_pkg
Compiling architecture behavioral of entity work.servo_controller [\servo_controller(128)\]
Compiling architecture behavioral of entity work.clock_divider [\clock_divider(128000,20000)\]
Compiling architecture imp of entity work.axi_rc_servo_controller [\axi_rc_servo_controller("virtex...]
Compiling architecture behavioral of entity work.AXI_ADDRESS_CONTROL_CHANNEL_model [axi_address_control_channel_mode...]
Compiling architecture behavioral of entity work.AXI_READ_DATA_CHANNEL_model [axi_read_data_channel_model_defa...]
Compiling architecture behavioral of entity work.AXI_WRITE_DATA_CHANNEL_model [axi_write_data_channel_model_def...]
Compiling architecture behavioral of entity work.AXI_WRITE_DATA_RESPONSE_CHANNEL_model [axi_write_data_response_channel_...]
Compiling architecture behavioral of entity work.AXI_lite_master_transaction_model [axi_lite_master_transaction_mode...]
Compiling architecture behaviour of entity work.axi_rc_servo_controller_testbenc...
Built simulation snapshot axi_rc_servo_controller_testbench_behav
